[2022-03-24 13:32:25.629931]add_action:like:3:41
[2022-04-06 16:47:48.344344]add_action:share:1:96
[2022-04-06 17:09:51.585883]add_action:like:1:2
[2022-04-06 17:12:23.309547]add_post_by_user:2:Ola
[2022-04-06 17:13:54.156330]add_action:like:2:2
[2022-04-06 17:19:40.668385]add_action:like:2:2
[2022-04-07 09:57:47.119075]add_action:like:2:2
[2022-04-07 09:57:48.318824]add_action:like:2:2
[2022-04-07 10:18:29.836015]add_action:like:2:3
[2022-04-07 10:19:25.932252]add_action:like:2:3
[2022-04-07 10:20:21.810392]add_action:like:2:3
[2022-04-07 10:20:45.307704]add_action:like:3:3
[2022-04-07 10:21:21.624558]add_action:like:2:3
[2022-04-07 10:21:39.079182]add_action:like:2:3
[2022-04-07 10:22:21.629129]add_action:like:2:3
[2022-04-07 10:22:35.396937]add_action:like:2:3
[2022-04-07 10:23:15.889314]add_action:like:2:3
[2022-04-07 10:23:48.278227]add_action:like:2:3
[2022-04-07 10:24:09.131841]add_action:like:2:3
[2022-04-07 10:24:37.451006]add_action:like:2:3
[2022-04-07 10:25:14.408261]add_action:like:2:3
[2022-04-07 10:25:24.777031]add_action:like:2:3
[2022-04-07 10:25:48.528819]add_action:like:2:3
[2022-04-07 10:25:53.239061]add_action:like:2:3
[2022-04-07 10:26:03.095114]add_action:like:3:3
[2022-04-07 10:29:01.299519]add_action:like:2:3
[2022-04-07 10:29:25.722227]add_action:like:2:3
[2022-04-07 10:30:03.884870]add_action:like:2:3
[2022-04-07 10:30:10.919385]add_action:like:3:3
[2022-04-08 10:43:12.872930]add_action:like:2:3
[2022-04-08 10:43:36.108106]add_action:like:2:3
[2022-04-08 10:43:44.568753]add_action:like:3:3
[2022-04-08 10:44:17.926030]add_action:like:3:3
[2022-04-08 10:44:40.871354]add_action:like:2:3
[2022-04-08 10:44:49.256424]add_action:like:2:3
[2022-04-08 10:46:59.072248]add_action:like:2:3
[2022-04-08 10:47:09.708144]add_action:like:2:3
[2022-04-08 10:47:35.990327]add_action:like:2:3
[2022-04-08 10:48:02.645704]add_action:like:2:3
[2022-04-08 10:51:55.794456]add_action:like:2:3
[2022-04-08 10:52:15.675542]add_action:like:3:3
[2022-04-08 10:52:24.841777]add_post_by_user:3:ola
[2022-04-08 10:54:07.167776]add_action:like:2:3
[2022-04-08 10:54:16.920402]add_post_by_user:3:ola
[2022-04-08 10:54:59.149812]add_action:like:2:3
[2022-04-08 10:54:59.499751]add_action:like:2:3
[2022-04-08 10:55:25.569582]add_action:like:2:3
[2022-04-08 10:55:25.646639]add_action:like:2:3
[2022-04-08 10:55:46.152962]add_action:like:2:3
[2022-04-08 10:56:31.430930]add_action:like:2:3
[2022-04-08 10:56:36.251213]add_action:like:2:3
[2022-04-08 11:09:49.498548]add_action:like:2:3
[2022-04-08 11:09:50.721370]add_action:like:2:3
[2022-04-08 11:09:57.447879]add_action:like:3:3
[2022-04-08 11:10:18.869506]add_action:like:3:3
[2022-04-08 11:10:20.888425]add_action:like:3:3
[2022-04-08 11:10:24.836120]add_action:like:3:3
[2022-04-08 14:57:26.765565]add_action:like:2:3
[2022-04-08 15:00:34.385879]add_action:like:2:3
[2022-04-08 15:00:57.207150]add_action:like:2:3
[2022-04-08 15:11:08.234567]add_action:like:2:3
[2022-04-08 15:12:58.474179]add_action:like:2:3
[2022-04-08 15:13:43.000121]add_action:like:2:3
[2022-04-08 15:14:11.926155]add_action:like:2:3
[2022-04-08 15:15:32.462935]add_action:like:2:3
[2022-04-08 15:15:35.609975]add_action:like:2:3
[2022-04-08 15:17:39.212966]add_action:like:2:3
[2022-04-08 15:18:11.970182]add_action:like:2:3
[2022-04-08 15:18:29.740543]add_action:like:2:3
[2022-04-08 15:23:29.255372]add_action:like:3:3
[2022-04-08 15:24:49.200908]add_action:like:2:4
[2022-04-08 15:25:38.329948]add_action:like:1:4
[2022-04-08 16:52:11.712162]add_action:like:3:5
[2022-04-08 16:54:01.933590]add_action:like:1:5
[2022-04-08 17:10:43.893699]add_action:like:3:7
[2022-04-08 17:11:30.390033]add_action:like:1:7
[2022-04-08 17:12:16.425938]add_action:like:3:8
[2022-04-08 17:12:53.972358]add_action:like:2:8
[2022-04-08 17:13:05.101904]add_action:like:1:9
[2022-04-08 17:37:24.110549]add_action:like:2:9
[2022-04-08 17:37:31.576158]add_action:like:2:9
[2022-04-08 17:39:27.770551]add_action:like:2:10
[2022-04-08 17:39:30.723304]add_action:like:1:10
[2022-04-08 17:44:19.659928]add_action:like:3:11
[2022-04-08 17:44:24.422836]add_action:like:1:11
[2022-04-08 17:59:13.881630]add_action:like:2:12
[2022-04-08 17:59:18.737227]add_action:like:2:12
[2022-04-08 18:19:53.750997]add_action:like:2:12
[2022-04-08 18:21:12.232090]add_action:like:2:12
[2022-04-08 18:23:05.957719]add_action:like:2:12
[2022-04-08 18:26:40.692053]add_action:like:2:12
[2022-04-08 18:27:28.159838]add_action:like:2:12
[2022-04-08 18:29:40.908863]add_action:like:2:12
[2022-04-08 18:32:34.672402]add_action:like:2:12
[2022-04-08 18:33:34.885945]add_action:like:2:12
[2022-04-08 18:34:46.627191]add_action:like:2:12
[2022-04-08 18:34:46.727184]add_action:like:2:12
[2022-04-08 18:35:49.728974]add_action:like:2:12
[2022-04-08 18:37:22.371425]add_action:like:2:12
[2022-04-08 18:38:09.845756]add_action:like:2:12
[2022-04-08 18:38:49.329967]add_action:like:2:12
[2022-04-08 18:38:53.381305]add_action:like:2:12
[2022-04-08 18:39:11.065136]add_action:like:2:12
[2022-04-08 18:40:02.624635]add_action:like:2:12
[2022-04-08 18:41:18.146882]add_action:like:2:12
[2022-04-08 18:53:39.021680]add_action:like:2:12
[2022-04-08 18:54:11.336690]add_action:like:2:12
[2022-04-08 18:54:32.305827]add_action:like:2:12
[2022-04-08 18:55:21.524711]add_action:like:2:12
[2022-04-08 18:55:55.900549]add_action:like:2:12
[2022-04-08 18:56:28.988188]add_action:like:2:12
[2022-04-08 18:56:48.138779]add_action:like:2:12
[2022-04-08 18:58:03.336920]add_action:like:2:12
[2022-04-08 19:01:28.444653]add_action:like:2:12
[2022-04-08 19:01:30.143275]delete_action:like:2:12
[2022-04-08 19:01:51.196145]add_action:like:2:12
[2022-04-08 19:01:52.859611]add_action:like:3:12
[2022-04-08 19:02:02.556952]delete_action:like:2:12
[2022-04-08 19:21:36.918539]delete_action:like:3:12
[2022-04-08 19:23:05.647494]add_action:like:1:13
[2022-04-08 19:23:15.129990]delete_action:like:1:13
