Watching for file changes with StatReloader
C:\Users\maria\Desktop\AmbientePrototipacao\app\settings.py changed, reloading.
Watching for file changes with StatReloader
Watching for file changes with StatReloader
C:\Users\maria\Desktop\AmbientePrototipacao\app\settings.py changed, reloading.
Ambiente de prototipação iniciado
Participate Page was accessed at 2021-11-26 20:54:04.101875 hours!
Ambiente de prototipação iniciado
Participate Page was accessed at 2021-11-26 20:56:11.613194 hours!
Ambiente de prototipação iniciado
[2021-11-26 20:56:12.973375]Objeto inserido com sucesso
Participate Page was accessed at 2021-11-26 21:14:42.947919 hours!
Ambiente de prototipação iniciado
Participate Page was accessed at 2021-11-29 09:25:35.557246 hours!
Ambiente de prototipação iniciado
[2021-11-29 09:29:08.395088]Interaction registered successfully!
Participate Page was accessed at 2021-11-29 09:31:48.533216 hours!
Ambiente de prototipação iniciado
Participate Page was accessed at 2021-11-29 09:53:47.389140 hours!
Ambiente de prototipação iniciado
Participate Page was accessed at 2021-11-29 17:19:54.684238 hours!
Ambiente de prototipação iniciado
Participate Page was accessed at 2021-11-29 17:22:39.983164 hours!
Ambiente de prototipação iniciado
Participate Page was accessed at 2021-11-29 17:23:16.535239 hours!
Ambiente de prototipação iniciado
Participate Page was accessed at 2021-11-29 17:24:49.195539 hours!
Ambiente de prototipação iniciado
Participate Page was accessed at 2021-11-29 17:25:10.105093 hours!
Ambiente de prototipação iniciado
Participate Page was accessed at 2021-11-29 17:25:31.869557 hours!
Ambiente de prototipação iniciado
Participate Page was accessed at 2021-11-29 17:25:56.221541 hours!
Ambiente de prototipação iniciado
Participate Page was accessed at 2021-11-29 17:26:42.473859 hours!
Ambiente de prototipação iniciado
Participate Page was accessed at 2021-11-29 17:26:52.776413 hours!
Ambiente de prototipação iniciado
Participate Page was accessed at 2021-11-29 17:27:16.910877 hours!
Ambiente de prototipação iniciado
Participate Page was accessed at 2021-11-29 17:27:50.184547 hours!
Ambiente de prototipação iniciado
Participate Page was accessed at 2021-11-29 17:28:11.396553 hours!
Ambiente de prototipação iniciado
Participate Page was accessed at 2021-11-29 17:29:34.087857 hours!
Ambiente de prototipação iniciado
Participate Page was accessed at 2021-11-29 17:29:54.422615 hours!
Ambiente de prototipação iniciado
Participate Page was accessed at 2021-11-29 17:32:34.283137 hours!
Ambiente de prototipação iniciado
Participate Page was accessed at 2021-11-29 17:33:17.513495 hours!
Ambiente de prototipação iniciado
Participate Page was accessed at 2021-11-29 17:43:57.421139 hours!
Ambiente de prototipação iniciado
Participate Page was accessed at 2021-11-29 17:45:27.136929 hours!
Ambiente de prototipação iniciado
Participate Page was accessed at 2021-11-29 17:46:56.944512 hours!
Ambiente de prototipação iniciado
Participate Page was accessed at 2021-11-29 17:47:31.759076 hours!
Ambiente de prototipação iniciado
Participate Page was accessed at 2021-11-29 17:48:44.007129 hours!
Ambiente de prototipação iniciado
Participate Page was accessed at 2021-11-29 17:49:41.689640 hours!
Ambiente de prototipação iniciado
Participate Page was accessed at 2021-11-29 17:50:00.167020 hours!
Ambiente de prototipação iniciado
Participate Page was accessed at 2021-11-29 17:50:25.095224 hours!
Ambiente de prototipação iniciado
Participate Page was accessed at 2021-11-29 17:51:10.776370 hours!
Ambiente de prototipação iniciado
[2021-11-29 17:51:39.068844]Interaction registered successfully!
Participate Page was accessed at 2021-11-29 17:51:58.816784 hours!
Ambiente de prototipação iniciado
Participate Page was accessed at 2021-11-29 17:53:25.718321 hours!
Ambiente de prototipação iniciado
Participate Page was accessed at 2021-11-29 17:58:15.373055 hours!
Ambiente de prototipação iniciado
Participate Page was accessed at 2021-12-10 16:40:12.219617 hours!
Ambiente de prototipação iniciado
Participate Page was accessed at 2021-12-10 16:40:18.093514 hours!
Ambiente de prototipação iniciado
Participate Page was accessed at 2021-12-10 16:40:20.129476 hours!
Ambiente de prototipação iniciado
Participate Page was accessed at 2021-12-10 16:40:21.896793 hours!
Ambiente de prototipação iniciado
Participate Page was accessed at 2021-12-10 16:40:23.668151 hours!
Ambiente de prototipação iniciado
Participate Page was accessed at 2021-12-10 16:40:26.492329 hours!
Ambiente de prototipação iniciado
Participate Page was accessed at 2021-12-10 16:40:28.165609 hours!
Ambiente de prototipação iniciado
Participate Page was accessed at 2021-12-10 16:40:29.233768 hours!
Ambiente de prototipação iniciado
Participate Page was accessed at 2021-12-10 16:41:05.475668 hours!
Ambiente de prototipação iniciado
[2021-12-10 22:00:30.937116]Interaction registered successfully!
Participate Page was accessed at 2021-12-11 13:19:28.978040 hours!
Ambiente de prototipação iniciado
Participate Page was accessed at 2021-12-11 13:21:35.562136 hours!
Ambiente de prototipação iniciado
[2021-12-11 13:22:27.536486]Interaction registered successfully!
[2021-12-11 13:24:51.429956]Interaction registered successfully!
Participate Page was accessed at 2021-12-11 13:29:04.904669 hours!
Ambiente de prototipação iniciado
Participate Page was accessed at 2021-12-11 13:32:54.369470 hours!
Ambiente de prototipação iniciado
[2021-12-11 13:32:58.061357]Interaction registered successfully!
Participate Page was accessed at 2021-12-11 13:36:40.188541 hours!
Participate Page was accessed at 2021-12-11 13:36:51.049405 hours!
Ambiente de prototipação iniciado
Ambiente de prototipação iniciado
[2021-12-11 13:37:03.227865]Interaction registered successfully!
Participate Page was accessed at 2021-12-11 13:37:50.115456 hours!
Ambiente de prototipação iniciado
[2021-12-11 13:37:52.435826]Interaction registered successfully!
Participate Page was accessed at 2021-12-11 13:38:34.623144 hours!
Ambiente de prototipação iniciado
[2021-12-11 13:38:37.082912]Interaction registered successfully!
Participate Page was accessed at 2021-12-11 13:39:21.283140 hours!
Ambiente de prototipação iniciado
[2021-12-11 13:39:22.901494]Interaction registered successfully!
Participate Page was accessed at 2021-12-11 13:42:30.348082 hours!
Ambiente de prototipação iniciado
[2021-12-11 13:42:31.824378]Interaction registered successfully!
[2021-12-11 13:42:32.833962]Interaction registered successfully!
[2021-12-11 13:42:33.449702]Interaction registered successfully!
[2021-12-11 13:42:34.206376]Interaction registered successfully!
[2021-12-11 13:42:34.947679]Interaction registered successfully!
[2021-12-11 13:42:35.629099]Interaction registered successfully!
[2021-12-11 13:42:49.192067]Interaction registered successfully!
[2021-12-11 13:42:50.371405]Interaction registered successfully!
[2021-12-11 13:43:02.894138]Interaction registered successfully!
[2021-12-11 13:43:03.947158]Interaction registered successfully!
[2021-12-11 13:43:04.735299]Interaction registered successfully!
[2021-12-11 13:43:05.449490]Interaction registered successfully!
[2021-12-11 13:43:06.469664]Interaction registered successfully!
[2021-12-11 13:43:07.022315]Interaction registered successfully!
[2021-12-11 13:43:08.165259]Interaction registered successfully!
[2021-12-11 13:43:08.365142]Interaction registered successfully!
[2021-12-11 13:43:08.581288]Interaction registered successfully!
[2021-12-11 13:43:09.570282]Interaction registered successfully!
[2021-12-11 13:43:10.829925]Interaction registered successfully!
[2021-12-11 13:43:11.408499]Interaction registered successfully!
[2021-12-11 13:43:11.752646]Interaction registered successfully!
[2021-12-11 13:43:12.228981]Interaction registered successfully!
[2021-12-11 13:43:13.099622]Interaction registered successfully!
[2021-12-11 13:43:14.031038]Interaction registered successfully!
[2021-12-11 13:43:14.673511]Interaction registered successfully!
[2021-12-11 13:43:15.469625]Interaction registered successfully!
[2021-12-11 13:43:19.137592]Interaction registered successfully!
[2021-12-11 13:43:19.982327]Interaction registered successfully!
Participate Page was accessed at 2021-12-11 13:47:14.409940 hours!
Ambiente de prototipação iniciado
[2021-12-11 13:47:16.487919]Interaction registered successfully!
[2021-12-11 13:47:18.251951]Interaction registered successfully!
Participate Page was accessed at 2021-12-11 13:47:58.762258 hours!
Ambiente de prototipação iniciado
Participate Page was accessed at 2021-12-11 13:49:01.460326 hours!
Ambiente de prototipação iniciado
[2021-12-11 13:49:03.484039]Interaction registered successfully!
Participate Page was accessed at 2021-12-11 14:04:57.913150 hours!
Ambiente de prototipação iniciado
Participate Page was accessed at 2021-12-11 14:06:16.071680 hours!
Ambiente de prototipação iniciado
Participate Page was accessed at 2021-12-11 14:07:03.812194 hours!
Ambiente de prototipação iniciado
Participate Page was accessed at 2021-12-11 14:07:49.164857 hours!
Ambiente de prototipação iniciado
Participate Page was accessed at 2021-12-11 14:09:04.450650 hours!
Ambiente de prototipação iniciado
Participate Page was accessed at 2021-12-11 14:10:33.525106 hours!
Ambiente de prototipação iniciado
Participate Page was accessed at 2021-12-11 14:12:18.106040 hours!
Ambiente de prototipação iniciado
Participate Page was accessed at 2021-12-11 14:14:02.414919 hours!
Ambiente de prototipação iniciado
Participate Page was accessed at 2021-12-11 14:14:27.878497 hours!
Ambiente de prototipação iniciado
Participate Page was accessed at 2021-12-11 14:14:37.501197 hours!
Ambiente de prototipação iniciado
Participate Page was accessed at 2021-12-11 14:15:11.728650 hours!
Ambiente de prototipação iniciado
Participate Page was accessed at 2021-12-11 14:16:16.422792 hours!
Ambiente de prototipação iniciado
Participate Page was accessed at 2021-12-11 14:20:01.982457 hours!
Ambiente de prototipação iniciado
Participate Page was accessed at 2021-12-11 14:21:24.734131 hours!
Ambiente de prototipação iniciado
Participate Page was accessed at 2021-12-11 14:22:46.411990 hours!
Ambiente de prototipação iniciado
Participate Page was accessed at 2021-12-11 14:23:43.142073 hours!
Ambiente de prototipação iniciado
Participate Page was accessed at 2021-12-11 14:24:15.461262 hours!
Ambiente de prototipação iniciado
Participate Page was accessed at 2021-12-11 14:24:59.236218 hours!
Ambiente de prototipação iniciado
Participate Page was accessed at 2021-12-11 14:25:25.383770 hours!
Ambiente de prototipação iniciado
Participate Page was accessed at 2021-12-11 14:25:26.862796 hours!
Ambiente de prototipação iniciado
Participate Page was accessed at 2021-12-11 14:25:48.414212 hours!
Ambiente de prototipação iniciado
Participate Page was accessed at 2021-12-11 14:37:49.002410 hours!
Ambiente de prototipação iniciado
Participate Page was accessed at 2021-12-11 15:30:00.342294 hours!
Ambiente de prototipação iniciado
Participate Page was accessed at 2021-12-11 15:33:40.842206 hours!
Ambiente de prototipação iniciado
Participate Page was accessed at 2021-12-11 16:57:46.358751 hours!
Participate Page was accessed at 2021-12-11 17:00:45.028691 hours!
Participate Page was accessed at 2021-12-11 17:02:20.129213 hours!
Participate Page was accessed at 2021-12-11 17:02:55.953057 hours!
Participate Page was accessed at 2021-12-11 17:05:19.527127 hours!
Participate Page was accessed at 2021-12-11 17:07:15.772742 hours!
Participate Page was accessed at 2021-12-11 17:08:26.726721 hours!
Participate Page was accessed at 2021-12-11 17:09:19.421138 hours!
Participate Page was accessed at 2021-12-11 17:10:53.311131 hours!
Participate Page was accessed at 2021-12-11 17:11:29.185136 hours!
Participate Page was accessed at 2021-12-11 17:11:54.895594 hours!
Participate Page was accessed at 2021-12-11 17:12:27.201418 hours!
Participate Page was accessed at 2021-12-11 17:15:54.042899 hours!
Participate Page was accessed at 2021-12-11 17:17:22.331620 hours!
Participate Page was accessed at 2021-12-11 17:18:01.233919 hours!
Participate Page was accessed at 2021-12-11 17:18:13.269527 hours!
Participate Page was accessed at 2021-12-12 11:08:47.552412 hours!
Participate Page was accessed at 2021-12-12 11:14:29.216931 hours!
Participate Page was accessed at 2021-12-12 11:16:19.346693 hours!
Participate Page was accessed at 2021-12-12 11:17:04.594811 hours!
Participate Page was accessed at 2021-12-12 11:17:33.331024 hours!
Participate Page was accessed at 2021-12-12 11:18:09.532086 hours!
Participate Page was accessed at 2021-12-12 11:19:39.920416 hours!
Participate Page was accessed at 2021-12-12 11:20:35.039732 hours!
Participate Page was accessed at 2021-12-12 11:21:07.575608 hours!
Participate Page was accessed at 2021-12-12 11:21:58.434889 hours!
Participate Page was accessed at 2021-12-12 11:22:17.397830 hours!
Participate Page was accessed at 2021-12-12 11:22:42.979070 hours!
Participate Page was accessed at 2021-12-12 11:22:55.677443 hours!
Participate Page was accessed at 2021-12-12 11:23:50.316000 hours!
Participate Page was accessed at 2021-12-12 13:16:24.701532 hours!
Participate Page was accessed at 2021-12-12 13:17:04.444409 hours!
Participate Page was accessed at 2021-12-12 13:17:26.870534 hours!
Participate Page was accessed at 2021-12-12 13:22:16.908279 hours!
Participate Page was accessed at 2021-12-12 13:24:29.602842 hours!
Participate Page was accessed at 2021-12-12 13:24:38.808481 hours!
Participate Page was accessed at 2021-12-12 13:25:20.490627 hours!
Participate Page was accessed at 2021-12-12 13:25:41.374332 hours!
Participate Page was accessed at 2021-12-12 13:25:49.613810 hours!
Participate Page was accessed at 2021-12-12 13:26:29.519398 hours!
Participate Page was accessed at 2021-12-12 13:28:19.989691 hours!
Participate Page was accessed at 2021-12-12 13:28:40.008214 hours!
Participate Page was accessed at 2021-12-12 13:29:12.596104 hours!
Participate Page was accessed at 2021-12-12 13:29:23.965778 hours!
Participate Page was accessed at 2021-12-12 13:29:37.902323 hours!
Participate Page was accessed at 2021-12-12 13:30:04.102812 hours!
Participate Page was accessed at 2021-12-12 13:30:22.727743 hours!
[2021-12-12 13:30:31.423079]Error while creating new interaction!
[2021-12-12 13:30:32.221838]Error while creating new interaction!
[2021-12-12 13:30:32.937123]Error while creating new interaction!
Participate Page was accessed at 2021-12-12 13:30:44.726265 hours!
Participate Page was accessed at 2021-12-12 13:31:52.582451 hours!
Participate Page was accessed at 2021-12-12 13:32:05.997054 hours!
Participate Page was accessed at 2021-12-12 13:34:20.457179 hours!
Participate Page was accessed at 2021-12-12 13:34:38.061657 hours!
Participate Page was accessed at 2021-12-12 13:38:35.672837 hours!
Participate Page was accessed at 2021-12-12 13:39:47.679148 hours!
Participate Page was accessed at 2021-12-12 13:40:09.028717 hours!
Participate Page was accessed at 2021-12-12 13:40:12.845446 hours!
Participate Page was accessed at 2021-12-12 13:40:14.424554 hours!
Participate Page was accessed at 2021-12-12 13:40:16.869284 hours!
Participate Page was accessed at 2021-12-12 13:40:20.232020 hours!
Participate Page was accessed at 2021-12-12 13:41:14.338378 hours!
Participate Page was accessed at 2021-12-12 13:41:42.464542 hours!
Participate Page was accessed at 2021-12-12 13:42:20.320600 hours!
Participate Page was accessed at 2021-12-12 13:42:36.535946 hours!
Participate Page was accessed at 2021-12-12 13:42:59.724702 hours!
Participate Page was accessed at 2021-12-12 13:43:23.390843 hours!
Participate Page was accessed at 2021-12-12 13:43:54.879561 hours!
Participate Page was accessed at 2021-12-12 13:44:31.888878 hours!
Participate Page was accessed at 2021-12-12 13:54:22.554131 hours!
Participate Page was accessed at 2021-12-12 13:54:52.459822 hours!
Participate Page was accessed at 2021-12-12 13:56:38.398967 hours!
Participate Page was accessed at 2021-12-12 13:57:00.142753 hours!
Participate Page was accessed at 2021-12-12 13:57:25.600271 hours!
Participate Page was accessed at 2021-12-12 13:57:45.749839 hours!
Participate Page was accessed at 2021-12-12 13:59:29.029574 hours!
Participate Page was accessed at 2021-12-12 14:00:07.264241 hours!
Participate Page was accessed at 2021-12-12 14:00:27.671964 hours!
Participate Page was accessed at 2021-12-12 14:01:00.580428 hours!
Participate Page was accessed at 2021-12-12 14:01:16.070513 hours!
Participate Page was accessed at 2021-12-12 14:01:17.518366 hours!
Participate Page was accessed at 2021-12-12 14:01:20.496224 hours!
Participate Page was accessed at 2021-12-12 14:01:52.486401 hours!
Participate Page was accessed at 2021-12-12 14:01:53.847913 hours!
Participate Page was accessed at 2021-12-12 14:02:11.056091 hours!
Participate Page was accessed at 2021-12-12 14:02:12.714009 hours!
Participate Page was accessed at 2021-12-12 14:02:14.782926 hours!
Participate Page was accessed at 2021-12-12 14:02:16.386000 hours!
[2021-12-12 14:02:38.029124]Error while creating new interaction!
Participate Page was accessed at 2021-12-12 14:03:08.522636 hours!
[2021-12-12 14:03:12.733258]Error while creating new interaction!
Participate Page was accessed at 2021-12-12 14:04:58.925314 hours!
Participate Page was accessed at 2021-12-12 14:05:38.499895 hours!
Participate Page was accessed at 2021-12-12 14:06:25.890221 hours!
Participate Page was accessed at 2021-12-12 14:06:27.474452 hours!
Participate Page was accessed at 2021-12-12 14:06:32.971117 hours!
Participate Page was accessed at 2021-12-12 14:07:03.129288 hours!
Participate Page was accessed at 2021-12-12 14:07:46.737637 hours!
Participate Page was accessed at 2021-12-12 14:09:49.809598 hours!
Participate Page was accessed at 2021-12-12 14:11:14.870104 hours!
Participate Page was accessed at 2021-12-12 14:11:22.602158 hours!
Participate Page was accessed at 2021-12-12 14:11:39.340189 hours!
Participate Page was accessed at 2021-12-12 14:30:57.918535 hours!
Participate Page was accessed at 2021-12-12 14:31:02.682909 hours!
Participate Page was accessed at 2021-12-12 14:31:45.299933 hours!
Participate Page was accessed at 2021-12-12 14:31:59.556524 hours!
Participate Page was accessed at 2021-12-12 14:33:33.280785 hours!
Participate Page was accessed at 2021-12-12 14:34:44.797800 hours!
Participate Page was accessed at 2021-12-12 14:35:38.139412 hours!
Participate Page was accessed at 2021-12-12 14:36:11.991035 hours!
Participate Page was accessed at 2021-12-12 14:38:09.408021 hours!
Participate Page was accessed at 2021-12-12 14:38:40.920345 hours!
Participate Page was accessed at 2021-12-12 14:39:44.442150 hours!
Participate Page was accessed at 2021-12-12 14:43:36.585842 hours!
Participate Page was accessed at 2021-12-12 14:44:17.271661 hours!
Participate Page was accessed at 2021-12-12 14:45:10.234051 hours!
Participate Page was accessed at 2021-12-12 14:46:52.518193 hours!
Participate Page was accessed at 2021-12-12 14:47:40.080709 hours!
[2021-12-12 14:48:38.902109]Error while creating new interaction!
Participate Page was accessed at 2021-12-12 14:52:58.500245 hours!
Participate Page was accessed at 2021-12-12 14:56:16.517315 hours!
Participate Page was accessed at 2021-12-12 14:58:55.028890 hours!
Participate Page was accessed at 2021-12-12 17:21:31.067419 hours!
Participate Page was accessed at 2021-12-12 17:21:53.821910 hours!
Participate Page was accessed at 2021-12-12 17:22:21.854200 hours!
Participate Page was accessed at 2021-12-12 17:23:00.727720 hours!
Participate Page was accessed at 2021-12-12 17:23:31.415762 hours!
Participate Page was accessed at 2021-12-12 17:25:30.554395 hours!
Participate Page was accessed at 2021-12-12 17:25:43.298967 hours!
Participate Page was accessed at 2021-12-12 17:25:46.597637 hours!
Participate Page was accessed at 2021-12-12 17:26:07.771544 hours!
Participate Page was accessed at 2021-12-12 17:26:09.023608 hours!
Participate Page was accessed at 2021-12-12 17:27:05.587425 hours!
Participate Page was accessed at 2021-12-12 17:27:37.185504 hours!
Participate Page was accessed at 2021-12-12 17:27:50.687449 hours!
Participate Page was accessed at 2021-12-12 17:28:37.826758 hours!
Participate Page was accessed at 2021-12-12 17:28:40.741968 hours!
Participate Page was accessed at 2021-12-12 17:29:35.912879 hours!
Participate Page was accessed at 2021-12-12 17:29:52.428572 hours!
Participate Page was accessed at 2021-12-12 17:30:19.853338 hours!
Participate Page was accessed at 2021-12-12 17:34:17.670944 hours!
Participate Page was accessed at 2021-12-12 17:35:41.326471 hours!
Participate Page was accessed at 2021-12-12 17:37:29.667927 hours!
Participate Page was accessed at 2021-12-12 17:43:16.638625 hours!
Participate Page was accessed at 2021-12-12 17:45:48.516834 hours!
Participate Page was accessed at 2021-12-12 17:53:27.590584 hours!
Participate Page was accessed at 2021-12-12 17:53:33.719025 hours!
Participate Page was accessed at 2021-12-12 20:46:54.969165 hours!
Participate Page was accessed at 2021-12-12 20:47:17.154756 hours!
Participate Page was accessed at 2021-12-12 20:47:52.229508 hours!
Participate Page was accessed at 2021-12-12 20:47:55.092800 hours!
Participate Page was accessed at 2021-12-12 20:48:38.231945 hours!
[2021-12-12 20:48:44.378182]Error while creating new interaction!
[2021-12-12 20:48:52.131387]Error while creating new interaction!
[2021-12-12 20:49:22.052423]Error while creating new interaction!
Participate Page was accessed at 2021-12-12 20:50:05.352130 hours!
Participate Page was accessed at 2021-12-12 20:50:06.987364 hours!
Participate Page was accessed at 2021-12-12 20:53:18.703818 hours!
Participate Page was accessed at 2021-12-12 20:53:54.980438 hours!
[2021-12-12 21:08:48.801482]Error while creating new interaction!
[2021-12-12 21:08:58.371441]Error while creating new interaction!
[2021-12-12 21:09:20.578763]Error while creating new interaction!
Participate Page was accessed at 2021-12-12 21:10:21.899570 hours!
[2021-12-12 21:10:37.113956]Error while creating new interaction!
[2021-12-12 21:11:02.498408]Error while creating new interaction!
[2021-12-12 21:12:44.263587]Error while creating new interaction!
[2021-12-12 21:14:13.985117]Error while creating new interaction!
[2021-12-12 21:14:15.926397]Error while creating new interaction!
[2021-12-12 21:15:26.407721]Error while creating new interaction!
[2021-12-12 21:15:29.230164]Error while creating new interaction!
Participate Page was accessed at 2021-12-12 21:15:54.518798 hours!
Participate Page was accessed at 2021-12-12 21:16:19.814087 hours!
Participate Page was accessed at 2021-12-12 21:17:20.209044 hours!
[2021-12-12 21:17:25.650972]Error while creating new interaction!
Participate Page was accessed at 2021-12-12 21:17:41.550769 hours!
Participate Page was accessed at 2021-12-12 21:18:11.510002 hours!
Participate Page was accessed at 2021-12-12 21:18:19.126892 hours!
[2021-12-12 21:19:05.297328]Error while creating new interaction!
Participate Page was accessed at 2021-12-12 21:19:08.548029 hours!
[2021-12-12 21:19:10.408667]Error while creating new interaction!
Participate Page was accessed at 2021-12-13 09:28:31.639001 hours!
Participate Page was accessed at 2021-12-13 09:28:36.663206 hours!
[2021-12-13 09:30:44.381447]Error while creating new interaction!
[2021-12-13 10:23:29.228656]Error while creating new interaction!
[2021-12-13 10:23:31.867214]Error while creating new interaction!
Participate Page was accessed at 2021-12-13 10:35:55.168882 hours!
[2021-12-13 10:36:01.419898]Error while creating new interaction!
Participate Page was accessed at 2021-12-13 10:45:08.542090 hours!
[2021-12-13 10:46:15.051039]Interaction registered successfully!
Participate Page was accessed at 2021-12-13 10:48:03.473235 hours!
Participate Page was accessed at 2021-12-13 10:49:21.885648 hours!
Participate Page was accessed at 2021-12-13 10:49:40.725548 hours!
Participate Page was accessed at 2021-12-13 10:50:30.173002 hours!
Participate Page was accessed at 2021-12-13 12:28:32.487716 hours!
Participate Page was accessed at 2021-12-13 12:29:37.380576 hours!
Participate Page was accessed at 2021-12-13 12:30:59.456196 hours!
[2021-12-13 12:31:05.659729]Interaction registered successfully!
[2021-12-13 12:31:29.564139]Interaction registered successfully!
Participate Page was accessed at 2021-12-13 12:35:48.923322 hours!
Participate Page was accessed at 2021-12-13 12:36:28.504736 hours!
Participate Page was accessed at 2021-12-13 12:37:11.812807 hours!
Participate Page was accessed at 2021-12-13 12:37:37.816076 hours!
Participate Page was accessed at 2021-12-13 12:38:35.755670 hours!
Participate Page was accessed at 2021-12-13 12:38:40.782278 hours!
Participate Page was accessed at 2021-12-13 13:30:34.995544 hours!
Participate Page was accessed at 2021-12-13 13:30:39.851972 hours!
Participate Page was accessed at 2021-12-13 13:31:08.199969 hours!
Participate Page was accessed at 2021-12-13 13:31:09.764454 hours!
Participate Page was accessed at 2021-12-13 13:31:42.382937 hours!
Participate Page was accessed at 2021-12-13 13:31:53.481760 hours!
Participate Page was accessed at 2021-12-13 13:36:24.481750 hours!
Participate Page was accessed at 2021-12-13 13:38:17.490792 hours!
Participate Page was accessed at 2021-12-13 13:38:21.002270 hours!
Participate Page was accessed at 2021-12-13 13:38:40.527215 hours!
Participate Page was accessed at 2021-12-13 13:39:49.324395 hours!
Participate Page was accessed at 2021-12-13 13:40:48.607320 hours!
Participate Page was accessed at 2021-12-13 13:55:22.378279 hours!
Participate Page was accessed at 2021-12-13 13:56:01.019553 hours!
Participate Page was accessed at 2021-12-13 13:56:24.700765 hours!
Participate Page was accessed at 2021-12-13 13:56:35.763301 hours!
Participate Page was accessed at 2021-12-13 13:57:48.412405 hours!
Participate Page was accessed at 2021-12-13 14:00:42.875236 hours!
Participate Page was accessed at 2021-12-13 14:06:39.866856 hours!
Participate Page was accessed at 2021-12-13 14:07:33.492283 hours!
Participate Page was accessed at 2021-12-13 14:07:52.075725 hours!
Participate Page was accessed at 2021-12-13 14:07:55.490968 hours!
Participate Page was accessed at 2021-12-13 14:08:01.594467 hours!
Participate Page was accessed at 2021-12-13 14:10:22.059715 hours!
Participate Page was accessed at 2021-12-13 14:10:24.304534 hours!
Participate Page was accessed at 2021-12-13 14:11:07.566088 hours!
Participate Page was accessed at 2021-12-13 14:11:21.070767 hours!
Participate Page was accessed at 2021-12-13 14:12:58.219240 hours!
Participate Page was accessed at 2021-12-13 14:13:10.769881 hours!
[2021-12-13 14:14:09.183258]Interaction registered successfully!
Participate Page was accessed at 2021-12-13 14:25:39.526696 hours!
[2021-12-13 14:25:48.038328]Interaction registered successfully!
Participate Page was accessed at 2021-12-13 14:27:45.357426 hours!
Participate Page was accessed at 2021-12-13 14:29:16.862086 hours!
Participate Page was accessed at 2021-12-13 14:56:43.947254 hours!
Participate Page was accessed at 2021-12-13 15:09:20.717317 hours!
Participate Page was accessed at 2021-12-13 15:09:42.185327 hours!
Participate Page was accessed at 2021-12-13 15:10:11.237661 hours!
Participate Page was accessed at 2021-12-13 15:10:18.444361 hours!
Participate Page was accessed at 2021-12-13 15:10:49.400297 hours!
Participate Page was accessed at 2021-12-13 15:11:25.428359 hours!
Participate Page was accessed at 2021-12-13 15:11:55.964361 hours!
Participate Page was accessed at 2021-12-13 15:13:22.740377 hours!
Participate Page was accessed at 2021-12-13 15:13:34.150962 hours!
Participate Page was accessed at 2021-12-13 15:14:08.784537 hours!
Participate Page was accessed at 2021-12-13 15:15:10.018760 hours!
Participate Page was accessed at 2021-12-13 15:15:23.551197 hours!
Participate Page was accessed at 2021-12-13 15:17:19.106960 hours!
Participate Page was accessed at 2021-12-13 15:21:52.403133 hours!
Participate Page was accessed at 2021-12-13 17:50:29.178426 hours!
Participate Page was accessed at 2021-12-13 17:50:44.412829 hours!
Participate Page was accessed at 2021-12-13 17:51:23.821838 hours!
Participate Page was accessed at 2021-12-13 18:04:23.902717 hours!
Participate Page was accessed at 2021-12-13 18:06:31.224617 hours!
Participate Page was accessed at 2021-12-13 18:06:36.334178 hours!
Participate Page was accessed at 2021-12-13 18:18:54.809963 hours!
Participate Page was accessed at 2021-12-13 18:19:42.112668 hours!
Participate Page was accessed at 2021-12-13 18:19:47.160454 hours!
Participate Page was accessed at 2021-12-13 18:20:23.045606 hours!
Participate Page was accessed at 2021-12-13 18:21:09.617191 hours!
Participate Page was accessed at 2021-12-13 20:58:12.759274 hours!
Participate Page was accessed at 2021-12-13 20:58:27.535937 hours!
Participate Page was accessed at 2021-12-13 20:59:00.622907 hours!
Participate Page was accessed at 2021-12-13 20:59:23.593071 hours!
Participate Page was accessed at 2021-12-13 20:59:39.428537 hours!
Participate Page was accessed at 2021-12-13 21:00:12.761582 hours!
Participate Page was accessed at 2021-12-13 21:00:47.914917 hours!
Participate Page was accessed at 2021-12-13 21:01:17.922338 hours!
Participate Page was accessed at 2021-12-13 21:01:36.793155 hours!
Participate Page was accessed at 2021-12-13 21:01:54.479641 hours!
Participate Page was accessed at 2021-12-13 21:02:07.518964 hours!
Participate Page was accessed at 2021-12-13 21:02:32.112728 hours!
Participate Page was accessed at 2021-12-13 21:02:53.248293 hours!
Participate Page was accessed at 2021-12-13 21:03:46.836813 hours!
Participate Page was accessed at 2021-12-13 21:05:06.472554 hours!
Participate Page was accessed at 2021-12-13 21:05:12.597274 hours!
Participate Page was accessed at 2021-12-13 21:06:13.158673 hours!
Participate Page was accessed at 2021-12-13 21:06:19.370658 hours!
Participate Page was accessed at 2021-12-13 21:07:13.043701 hours!
Participate Page was accessed at 2021-12-13 21:07:17.037760 hours!
Participate Page was accessed at 2021-12-13 21:07:17.937680 hours!
Participate Page was accessed at 2021-12-13 21:07:21.087765 hours!
Participate Page was accessed at 2021-12-13 21:07:21.335826 hours!
Participate Page was accessed at 2021-12-13 21:07:45.280585 hours!
Participate Page was accessed at 2021-12-13 21:07:50.192188 hours!
Participate Page was accessed at 2021-12-13 21:07:57.914485 hours!
Participate Page was accessed at 2021-12-13 21:07:58.928458 hours!
Participate Page was accessed at 2021-12-13 21:08:11.676811 hours!
Participate Page was accessed at 2021-12-13 21:08:26.447349 hours!
Participate Page was accessed at 2021-12-13 21:08:29.074733 hours!
Participate Page was accessed at 2021-12-13 21:08:34.543384 hours!
Participate Page was accessed at 2021-12-13 21:09:16.144820 hours!
Participate Page was accessed at 2021-12-13 21:09:20.670842 hours!
Participate Page was accessed at 2021-12-13 21:11:33.055560 hours!
Participate Page was accessed at 2021-12-13 21:11:37.767122 hours!
Participate Page was accessed at 2021-12-13 21:12:59.936687 hours!
Participate Page was accessed at 2021-12-13 21:13:04.544820 hours!
Participate Page was accessed at 2021-12-13 21:15:15.545128 hours!
Participate Page was accessed at 2021-12-13 21:15:24.970816 hours!
Participate Page was accessed at 2021-12-13 21:16:00.386415 hours!
Participate Page was accessed at 2021-12-13 21:16:07.725371 hours!
Participate Page was accessed at 2021-12-13 21:19:04.433371 hours!
Participate Page was accessed at 2021-12-13 21:19:22.945397 hours!
Participate Page was accessed at 2021-12-13 21:23:49.215924 hours!
Participate Page was accessed at 2021-12-13 21:23:58.062851 hours!
Participate Page was accessed at 2021-12-13 21:25:10.071063 hours!
[2021-12-13 21:25:11.890741]Interaction registered successfully!
Participate Page was accessed at 2021-12-13 21:25:19.393533 hours!
Participate Page was accessed at 2021-12-13 21:27:02.665561 hours!
[2021-12-13 21:27:05.511666]Error while creating new interaction!
[2021-12-13 21:27:14.881046]Error while creating new interaction!
[2021-12-13 21:27:17.202507]Error while creating new interaction!
[2021-12-13 21:27:32.207819]Error while creating new interaction!
Participate Page was accessed at 2021-12-13 21:27:46.737491 hours!
[2021-12-13 21:27:50.023484]Interaction registered successfully!
[2021-12-13 21:27:53.651310]Interaction registered successfully!
[2021-12-13 21:27:55.514449]Interaction registered successfully!
[2021-12-13 21:28:02.476573]Interaction registered successfully!
Participate Page was accessed at 2021-12-13 21:28:02.486765 hours!
[2021-12-13 21:28:12.465628]Interaction registered successfully!
Participate Page was accessed at 2021-12-13 21:28:40.814003 hours!
[2021-12-13 21:28:55.539064]Interaction registered successfully!
[2021-12-13 21:29:16.295002]Interaction registered successfully!
Participate Page was accessed at 2021-12-13 21:29:16.297940 hours!
[2021-12-13 21:29:29.879573]Interaction registered successfully!
[2021-12-13 21:29:31.689543]Interaction registered successfully!
[2021-12-13 21:29:32.973725]Interaction registered successfully!
[2021-12-13 21:29:33.695858]Interaction registered successfully!
[2021-12-13 21:29:34.935605]Interaction registered successfully!
[2021-12-13 21:29:59.478063]Interaction registered successfully!
Participate Page was accessed at 2021-12-13 21:29:59.480989 hours!
[2021-12-13 21:30:17.935033]Interaction registered successfully!
Participate Page was accessed at 2021-12-13 21:30:17.938035 hours!
[2021-12-13 21:30:29.554574]Interaction registered successfully!
[2021-12-13 21:30:36.011890]Interaction registered successfully!
[2021-12-13 21:30:39.069912]Interaction registered successfully!
[2021-12-13 21:30:39.682619]Interaction registered successfully!
[2021-12-13 21:30:40.365993]Interaction registered successfully!
[2021-12-13 21:51:45.233592]Interaction registered successfully!
Participate Page was accessed at 2021-12-13 21:51:45.237585 hours!
Participate Page was accessed at 2021-12-13 21:52:46.238592 hours!
[2021-12-13 21:52:52.198378]Interaction registered successfully!
Participate Page was accessed at 2021-12-13 21:52:52.205294 hours!
[2021-12-13 21:53:03.771928]Interaction registered successfully!
Participate Page was accessed at 2021-12-13 21:53:03.775841 hours!
[2021-12-13 21:53:23.871294]Interaction registered successfully!
Participate Page was accessed at 2021-12-13 21:53:23.875299 hours!
[2021-12-13 21:53:41.866122]Interaction registered successfully!
Participate Page was accessed at 2021-12-13 21:53:41.869086 hours!
Participate Page was accessed at 2021-12-13 22:19:12.104206 hours!
Participate Page was accessed at 2021-12-13 22:19:36.120212 hours!
Participate Page was accessed at 2021-12-13 22:28:36.299697 hours!
Participate Page was accessed at 2021-12-13 22:28:56.635340 hours!
Participate Page was accessed at 2021-12-13 22:30:09.856210 hours!
Participate Page was accessed at 2021-12-13 22:31:23.693666 hours!
[2021-12-13 22:31:31.592845]Interaction registered successfully!
Participate Page was accessed at 2021-12-13 22:31:31.600846 hours!
[2021-12-13 22:31:58.373367]Interaction registered successfully!
Participate Page was accessed at 2021-12-13 22:31:58.376347 hours!
Participate Page was accessed at 2021-12-13 22:34:04.500997 hours!
Participate Page was accessed at 2021-12-13 22:34:07.378247 hours!
Participate Page was accessed at 2021-12-13 22:34:08.650929 hours!
Participate Page was accessed at 2021-12-13 22:34:20.950355 hours!
Participate Page was accessed at 2021-12-13 22:34:21.243734 hours!
Participate Page was accessed at 2021-12-13 22:34:24.399465 hours!
[2021-12-13 22:34:31.521173]Interaction registered successfully!
Participate Page was accessed at 2021-12-13 22:34:31.530142 hours!
Participate Page was accessed at 2021-12-13 22:35:28.058618 hours!
[2021-12-13 22:35:33.738853]Interaction registered successfully!
Participate Page was accessed at 2021-12-13 22:35:33.748808 hours!
[2021-12-13 22:35:42.626509]Interaction registered successfully!
Participate Page was accessed at 2021-12-13 22:35:42.629431 hours!
[2021-12-13 22:36:00.997049]Interaction registered successfully!
Participate Page was accessed at 2021-12-13 22:36:01.001046 hours!
Participate Page was accessed at 2021-12-13 22:37:24.794743 hours!
[2021-12-13 22:37:31.890432]Interaction registered successfully!
Participate Page was accessed at 2021-12-13 22:37:31.893435 hours!
Participate Page was accessed at 2021-12-13 22:39:17.923134 hours!
[2021-12-13 22:39:24.067031]Error while creating new interaction!
Participate Page was accessed at 2021-12-13 22:39:24.076077 hours!
Participate Page was accessed at 2021-12-13 22:40:08.700296 hours!
[2021-12-13 22:40:15.066047]Interaction registered successfully!
Participate Page was accessed at 2021-12-13 22:40:15.075080 hours!
Participate Page was accessed at 2021-12-13 22:40:36.570900 hours!
[2021-12-13 22:40:41.699661]Interaction registered successfully!
Participate Page was accessed at 2021-12-13 22:40:41.708675 hours!
Participate Page was accessed at 2021-12-13 22:42:39.449778 hours!
[2021-12-13 22:42:45.500633]Interaction registered successfully!
Participate Page was accessed at 2021-12-13 22:42:45.508634 hours!
Participate Page was accessed at 2021-12-13 22:44:25.524554 hours!
[2021-12-13 22:44:30.120722]Interaction registered successfully!
Participate Page was accessed at 2021-12-13 22:44:30.124719 hours!
[2021-12-13 22:44:45.742532]Interaction registered successfully!
Participate Page was accessed at 2021-12-13 22:44:45.745534 hours!
[2021-12-13 22:44:53.605240]Interaction registered successfully!
Participate Page was accessed at 2021-12-13 22:44:53.610206 hours!
Participate Page was accessed at 2021-12-13 22:45:46.663336 hours!
Participate Page was accessed at 2021-12-13 22:45:47.531541 hours!
[2021-12-13 22:45:53.788251]Interaction registered successfully!
Participate Page was accessed at 2021-12-13 22:45:53.796252 hours!
[2021-12-13 22:46:07.232160]Interaction registered successfully!
Participate Page was accessed at 2021-12-13 22:46:07.236161 hours!
Participate Page was accessed at 2021-12-13 23:20:09.950319 hours!
Participate Page was accessed at 2021-12-13 23:20:45.101872 hours!
Participate Page was accessed at 2021-12-13 23:21:01.034864 hours!
Participate Page was accessed at 2021-12-13 23:26:06.453404 hours!
[2021-12-13 23:26:18.565181]Interaction registered successfully!
Participate Page was accessed at 2021-12-13 23:26:18.576354 hours!
Participate Page was accessed at 2021-12-14 09:13:50.214559 hours!
Participate Page was accessed at 2021-12-14 09:13:55.668442 hours!
Participate Page was accessed at 2021-12-14 09:14:00.107804 hours!
Participate Page was accessed at 2021-12-14 09:44:42.201844 hours!
Participate Page was accessed at 2021-12-14 09:45:26.694895 hours!
Participate Page was accessed at 2021-12-14 09:46:24.741611 hours!
Participate Page was accessed at 2021-12-14 09:47:17.009358 hours!
Participate Page was accessed at 2021-12-14 10:03:51.556012 hours!
Participate Page was accessed at 2021-12-14 10:04:21.423761 hours!
Participate Page was accessed at 2021-12-14 10:10:19.102884 hours!
Participate Page was accessed at 2021-12-14 10:10:51.312687 hours!
Participate Page was accessed at 2021-12-14 10:11:10.626563 hours!
Participate Page was accessed at 2021-12-14 10:11:42.540403 hours!
Participate Page was accessed at 2021-12-14 10:18:27.582508 hours!
Participate Page was accessed at 2021-12-14 10:19:34.833214 hours!
Participate Page was accessed at 2021-12-14 10:19:56.654762 hours!
Participate Page was accessed at 2021-12-14 10:20:26.625481 hours!
Participate Page was accessed at 2021-12-14 10:21:45.841609 hours!
Participate Page was accessed at 2021-12-14 10:22:00.984660 hours!
Participate Page was accessed at 2021-12-14 10:22:17.613785 hours!
Participate Page was accessed at 2021-12-14 10:26:02.512407 hours!
Participate Page was accessed at 2021-12-14 10:49:48.358996 hours!
Participate Page was accessed at 2021-12-14 11:03:34.042303 hours!
Participate Page was accessed at 2021-12-14 11:03:36.708584 hours!
Participate Page was accessed at 2021-12-14 11:03:42.917122 hours!
